<?xml version="1.0" encoding="UTF-8"?>
<!-- Generated by org.testng.reporters.JUnitXMLReporter -->
<testsuite ignored="2" hostname="DESKTOP-AP469QL" failures="0" tests="1" name="Default test" time="9.876" errors="0" timestamp="2024-03-13T19:30:04 IST">
  <testcase classname="TestngScripts.C1_Login" name="test" time="1.205"/>
  <testcase classname="TestngScripts.BaseTest" name="@BeforeTest LaunchBrowser" time="0.0">
    <ignored/>
  </testcase> <!-- @BeforeTest LaunchBrowser -->
  <testcase classname="TestngScripts.BaseTest" name="@AfterTest tearBrowser" time="0.0">
    <ignored/>
  </testcase> <!-- @AfterTest tearBrowser -->
</testsuite> <!-- Default test -->
